<?xml version="1.0" encoding="UTF-8"?>
<!-- Generated by org.testng.reporters.JUnitXMLReporter -->
<testsuite hostname="Maroposts-iMac-5.local" ignored="0" name="Default test" tests="5" failures="0" timestamp="05 Jul 2017 13:55:26 GMT" time="1126.642" errors="0">
  <testcase name="test_verify_signin_section" time="48.683" classname="tests.MaropostEmailCampaignsTestCases"/>
  <testcase name="test_click_on_new_campaign_schedule_recurring" time="126.16" classname="tests.MaropostEmailCampaignsTestCases"/>
  <testcase name="test_click_on_new_campaign_schedule_priority" time="151.024" classname="tests.MaropostEmailCampaignsTestCases"/>
  <testcase name="test_click_on_new_campaign_schedule_priority_without_Date" time="186.028" classname="tests.MaropostEmailCampaignsTestCases"/>
  <testcase name="test_click_on_new_AB_campaign" time="614.728" classname="tests.MaropostEmailCampaignsTestCases"/>
</testsuite> <!-- Default test -->
